<?xml version="1.0" encoding="UTF-8"?>
<testng-results ignored="0" total="1" passed="0" failed="1" skipped="0">
  <reporter-output>
  </reporter-output>
  <suite started-at="2021-07-05T07:05:40Z" name="Default suite" finished-at="2021-07-05T07:05:42Z" duration-ms="1428">
    <groups>
    </groups>
    <test started-at="2021-07-05T07:05:40Z" name="Default test" finished-at="2021-07-05T07:05:42Z" duration-ms="1428">
      <class name="testingil.unittesting.examples.s03.d03.mocking.AutowiringMocksTest">
        <test-method is-config="true" signature="springTestContextBeforeTestClass()[pri:0, instance:testingil.unittesting.examples.s03.d03.mocking.AutowiringMocksTest@74960bfa]" started-at="2021-07-05T10:05:40Z" name="springTestContextBeforeTestClass" finished-at="2021-07-05T10:05:40Z" duration-ms="0" status="PASS">
          <reporter-output>
          </reporter-output>
        </test-method> <!-- springTestContextBeforeTestClass -->
        <test-method is-config="true" signature="springTestContextPrepareTestInstance()[pri:0, instance:testingil.unittesting.examples.s03.d03.mocking.AutowiringMocksTest@74960bfa]" started-at="2021-07-05T10:05:40Z" name="springTestContextPrepareTestInstance" finished-at="2021-07-05T10:05:41Z" depends-on-methods="org.springframework.test.context.testng.AbstractTestNGSpringContextTests.springTestContextBeforeTestClass" duration-ms="1381" status="PASS">
          <reporter-output>
          </reporter-output>
        </test-method> <!-- springTestContextPrepareTestInstance -->
        <test-method is-config="true" signature="springTestContextBeforeTestMethod(java.lang.reflect.Method)[pri:0, instance:testingil.unittesting.examples.s03.d03.mocking.AutowiringMocksTest@74960bfa]" started-at="2021-07-05T10:05:42Z" name="springTestContextBeforeTestMethod" finished-at="2021-07-05T10:05:42Z" duration-ms="0" status="PASS">
          <params>
            <param index="0">
              <value>
                <![CDATA[public void testingil.unittesting.examples.s03.d03.mocking.AutowiringMocksTest.repository_is_created()]]>
              </value>
            </param>
          </params>
          <reporter-output>
          </reporter-output>
        </test-method> <!-- springTestContextBeforeTestMethod -->
        <test-method signature="repository_is_created()[pri:0, instance:testingil.unittesting.examples.s03.d03.mocking.AutowiringMocksTest@74960bfa]" started-at="2021-07-05T10:05:42Z" name="repository_is_created" finished-at="2021-07-05T10:05:42Z" duration-ms="16" status="FAIL">
          <exception class="java.lang.AssertionError">
            <message>
              <![CDATA[expected object to not be null]]>
            </message>
            <full-stacktrace>
              <![CDATA[java.lang.AssertionError: expected object to not be null
	at org.testng.Assert.fail(Assert.java:94)
	at org.testng.Assert.assertNotNull(Assert.java:423)
	at org.testng.Assert.assertNotNull(Assert.java:408)
	at testingil.unittesting.examples.s03.d03.mocking.AutowiringMocksTest.repository_is_created(AutowiringMocksTest.java:34)
	at java.base/jdk.internal.reflect.NativeMethodAccessorImpl.invoke0(Native Method)
	at java.base/jdk.internal.reflect.NativeMethodAccessorImpl.invoke(NativeMethodAccessorImpl.java:62)
	at java.base/jdk.internal.reflect.DelegatingMethodAccessorImpl.invoke(DelegatingMethodAccessorImpl.java:43)
	at java.base/java.lang.reflect.Method.invoke(Method.java:566)
	at org.testng.internal.MethodInvocationHelper.invokeMethod(MethodInvocationHelper.java:104)
	at org.testng.internal.MethodInvocationHelper$1.runTestMethod(MethodInvocationHelper.java:205)
	at org.springframework.test.context.testng.AbstractTestNGSpringContextTests.run(AbstractTestNGSpringContextTests.java:184)
	at org.testng.internal.MethodInvocationHelper.invokeHookable(MethodInvocationHelper.java:217)
	at org.testng.internal.Invoker.invokeMethod(Invoker.java:641)
	at org.testng.internal.Invoker.invokeTestMethod(Invoker.java:851)
	at org.testng.internal.Invoker.invokeTestMethods(Invoker.java:1177)
	at org.testng.internal.TestMethodWorker.invokeTestMethods(TestMethodWorker.java:129)
	at org.testng.internal.TestMethodWorker.run(TestMethodWorker.java:112)
	at org.testng.TestRunner.privateRun(TestRunner.java:756)
	at org.testng.TestRunner.run(TestRunner.java:610)
	at org.testng.SuiteRunner.runTest(SuiteRunner.java:387)
	at org.testng.SuiteRunner.runSequentially(SuiteRunner.java:382)
	at org.testng.SuiteRunner.privateRun(SuiteRunner.java:340)
	at org.testng.SuiteRunner.run(SuiteRunner.java:289)
	at org.testng.SuiteRunnerWorker.runSuite(SuiteRunnerWorker.java:52)
	at org.testng.SuiteRunnerWorker.run(SuiteRunnerWorker.java:86)
	at org.testng.TestNG.runSuitesSequentially(TestNG.java:1293)
	at org.testng.TestNG.runSuitesLocally(TestNG.java:1218)
	at org.testng.TestNG.runSuites(TestNG.java:1133)
	at org.testng.TestNG.run(TestNG.java:1104)
	at org.testng.remote.AbstractRemoteTestNG.run(AbstractRemoteTestNG.java:132)
	at org.testng.remote.RemoteTestNG.initAndRun(RemoteTestNG.java:236)
	at org.testng.remote.RemoteTestNG.main(RemoteTestNG.java:81)
]]>
            </full-stacktrace>
          </exception> <!-- java.lang.AssertionError -->
          <reporter-output>
          </reporter-output>
        </test-method> <!-- repository_is_created -->
        <test-method is-config="true" signature="setup()[pri:0, instance:testingil.unittesting.examples.s03.d03.mocking.AutowiringMocksTest@74960bfa]" started-at="2021-07-05T10:05:42Z" name="setup" finished-at="2021-07-05T10:05:42Z" duration-ms="0" status="PASS">
          <reporter-output>
          </reporter-output>
        </test-method> <!-- setup -->
        <test-method is-config="true" signature="springTestContextAfterTestClass()[pri:0, instance:testingil.unittesting.examples.s03.d03.mocking.AutowiringMocksTest@74960bfa]" started-at="2021-07-05T10:05:42Z" name="springTestContextAfterTestClass" finished-at="2021-07-05T10:05:42Z" duration-ms="0" status="PASS">
          <reporter-output>
          </reporter-output>
        </test-method> <!-- springTestContextAfterTestClass -->
        <test-method is-config="true" signature="springTestContextAfterTestMethod(java.lang.reflect.Method)[pri:0, instance:testingil.unittesting.examples.s03.d03.mocking.AutowiringMocksTest@74960bfa]" started-at="2021-07-05T10:05:42Z" name="springTestContextAfterTestMethod" finished-at="2021-07-05T10:05:42Z" duration-ms="0" status="PASS">
          <params>
            <param index="0">
              <value>
                <![CDATA[public void testingil.unittesting.examples.s03.d03.mocking.AutowiringMocksTest.repository_is_created()]]>
              </value>
            </param>
          </params>
          <reporter-output>
          </reporter-output>
        </test-method> <!-- springTestContextAfterTestMethod -->
      </class> <!-- testingil.unittesting.examples.s03.d03.mocking.AutowiringMocksTest -->
    </test> <!-- Default test -->
  </suite> <!-- Default suite -->
</testng-results>
